{"C:\\Users\\anden\\Code\\jsramverk\\backend\\db\\database.js": {"path":"C:\\Users\\anden\\Code\\jsramverk\\backend\\db\\database.js","statementMap":{"0":{"start":{"line":1,"column":24},"end":{"line":1,"column":42}},"1":{"start":{"line":3,"column":25},"end":{"line":3,"column":52}},"2":{"start":{"line":5,"column":15},"end":{"line":5,"column":48}},"3":{"start":{"line":7,"column":17},"end":{"line":18,"column":1}},"4":{"start":{"line":9,"column":8},"end":{"line":14,"column":9}},"5":{"start":{"line":10,"column":12},"end":{"line":10,"column":42}},"6":{"start":{"line":11,"column":12},"end":{"line":11,"column":37}},"7":{"start":{"line":13,"column":12},"end":{"line":13,"column":29}},"8":{"start":{"line":20,"column":0},"end":{"line":20,"column":26}}},"fnMap":{"0":{"name":"openDB","decl":{"start":{"line":8,"column":27},"end":{"line":8,"column":33}},"loc":{"start":{"line":8,"column":36},"end":{"line":16,"column":5}},"line":8}},"branchMap":{"0":{"loc":{"start":{"line":3,"column":25},"end":{"line":3,"column":52}},"type":"binary-expr","locations":[{"start":{"line":3,"column":25},"end":{"line":3,"column":46}},{"start":{"line":3,"column":50},"end":{"line":3,"column":52}}],"line":3}},"s":{"0":2,"1":2,"2":2,"3":2,"4":0,"5":0,"6":0,"7":0,"8":2},"f":{"0":0},"b":{"0":[2,0]},"_coverageSchema":"1a1c01bbd47fc00a2c39e90264f33305004495a9","hash":"935bfbc474167a7eb8d67e0fdcbe6368f5509fb4"}
,"C:\\Users\\anden\\Code\\jsramverk\\backend\\models\\codes.js": {"path":"C:\\Users\\anden\\Code\\jsramverk\\backend\\models\\codes.js","statementMap":{"0":{"start":{"line":1,"column":14},"end":{"line":1,"column":35}},"1":{"start":{"line":2,"column":17},"end":{"line":2,"column":45}},"2":{"start":{"line":4,"column":14},"end":{"line":31,"column":1}},"3":{"start":{"line":6,"column":22},"end":{"line":14,"column":23}},"4":{"start":{"line":17,"column":29},"end":{"line":29,"column":14}},"5":{"start":{"line":24,"column":16},"end":{"line":24,"column":38}},"6":{"start":{"line":26,"column":16},"end":{"line":28,"column":19}},"7":{"start":{"line":33,"column":0},"end":{"line":33,"column":23}}},"fnMap":{"0":{"name":"getCodes","decl":{"start":{"line":5,"column":29},"end":{"line":5,"column":37}},"loc":{"start":{"line":5,"column":47},"end":{"line":30,"column":5}},"line":5},"1":{"name":"(anonymous_1)","decl":{"start":{"line":23,"column":19},"end":{"line":23,"column":20}},"loc":{"start":{"line":23,"column":38},"end":{"line":25,"column":13}},"line":23},"2":{"name":"(anonymous_2)","decl":{"start":{"line":25,"column":20},"end":{"line":25,"column":21}},"loc":{"start":{"line":25,"column":37},"end":{"line":29,"column":13}},"line":25}},"branchMap":{},"s":{"0":1,"1":1,"2":1,"3":1,"4":1,"5":1,"6":1,"7":1},"f":{"0":1,"1":1,"2":1},"b":{},"_coverageSchema":"1a1c01bbd47fc00a2c39e90264f33305004495a9","hash":"0a28a545622557eb1b17ace0f96e347b55e221c8"}
,"C:\\Users\\anden\\Code\\jsramverk\\backend\\models\\tickets.js": {"path":"C:\\Users\\anden\\Code\\jsramverk\\backend\\models\\tickets.js","statementMap":{"0":{"start":{"line":1,"column":17},"end":{"line":1,"column":45}},"1":{"start":{"line":3,"column":16},"end":{"line":35,"column":1}},"2":{"start":{"line":5,"column":19},"end":{"line":5,"column":42}},"3":{"start":{"line":6,"column":27},"end":{"line":6,"column":51}},"4":{"start":{"line":9,"column":27},"end":{"line":9,"column":78}},"5":{"start":{"line":11,"column":8},"end":{"line":13,"column":11}},"6":{"start":{"line":17,"column":19},"end":{"line":17,"column":42}},"7":{"start":{"line":18,"column":27},"end":{"line":18,"column":51}},"8":{"start":{"line":20,"column":23},"end":{"line":24,"column":9}},"9":{"start":{"line":26,"column":23},"end":{"line":26,"column":57}},"10":{"start":{"line":28,"column":8},"end":{"line":33,"column":11}},"11":{"start":{"line":37,"column":0},"end":{"line":37,"column":25}}},"fnMap":{"0":{"name":"getTickets","decl":{"start":{"line":4,"column":31},"end":{"line":4,"column":41}},"loc":{"start":{"line":4,"column":51},"end":{"line":14,"column":5}},"line":4},"1":{"name":"createTicket","decl":{"start":{"line":16,"column":33},"end":{"line":16,"column":45}},"loc":{"start":{"line":16,"column":55},"end":{"line":34,"column":5}},"line":16}},"branchMap":{},"s":{"0":1,"1":1,"2":1,"3":1,"4":1,"5":1,"6":1,"7":1,"8":1,"9":1,"10":1,"11":1},"f":{"0":1,"1":1},"b":{},"_coverageSchema":"1a1c01bbd47fc00a2c39e90264f33305004495a9","hash":"d80b1c7481cfaec48c149ec38719bce3242ab912"}
,"C:\\Users\\anden\\Code\\jsramverk\\backend\\models\\trains.js": {"path":"C:\\Users\\anden\\Code\\jsramverk\\backend\\models\\trains.js","statementMap":{"0":{"start":{"line":1,"column":14},"end":{"line":1,"column":35}},"1":{"start":{"line":2,"column":20},"end":{"line":2,"column":42}},"2":{"start":{"line":7,"column":18},"end":{"line":10,"column":11}},"3":{"start":{"line":12,"column":27},"end":{"line":12,"column":29}},"4":{"start":{"line":14,"column":21},"end":{"line":20,"column":5}},"5":{"start":{"line":21,"column":19},"end":{"line":21,"column":40}},"6":{"start":{"line":22,"column":19},"end":{"line":22,"column":62}},"7":{"start":{"line":24,"column":4},"end":{"line":27,"column":5}},"8":{"start":{"line":25,"column":8},"end":{"line":25,"column":97}},"9":{"start":{"line":26,"column":8},"end":{"line":26,"column":15}},"10":{"start":{"line":28,"column":24},"end":{"line":28,"column":47}},"11":{"start":{"line":30,"column":4},"end":{"line":32,"column":5}},"12":{"start":{"line":31,"column":8},"end":{"line":31,"column":51}},"13":{"start":{"line":34,"column":4},"end":{"line":70,"column":6}},"14":{"start":{"line":35,"column":8},"end":{"line":35,"column":39}},"15":{"start":{"line":37,"column":8},"end":{"line":69,"column":9}},"16":{"start":{"line":38,"column":12},"end":{"line":66,"column":13}},"17":{"start":{"line":39,"column":35},"end":{"line":39,"column":53}},"18":{"start":{"line":41,"column":16},"end":{"line":63,"column":17}},"19":{"start":{"line":42,"column":44},"end":{"line":42,"column":90}},"20":{"start":{"line":45,"column":40},"end":{"line":45,"column":59}},"21":{"start":{"line":47,"column":37},"end":{"line":47,"column":120}},"22":{"start":{"line":47,"column":95},"end":{"line":47,"column":108}},"23":{"start":{"line":49,"column":40},"end":{"line":56,"column":21}},"24":{"start":{"line":58,"column":20},"end":{"line":60,"column":21}},"25":{"start":{"line":59,"column":24},"end":{"line":59,"column":60}},"26":{"start":{"line":62,"column":20},"end":{"line":62,"column":94}},"27":{"start":{"line":65,"column":16},"end":{"line":65,"column":30}},"28":{"start":{"line":68,"column":12},"end":{"line":68,"column":18}},"29":{"start":{"line":74,"column":4},"end":{"line":76,"column":5}},"30":{"start":{"line":75,"column":8},"end":{"line":75,"column":42}},"31":{"start":{"line":79,"column":0},"end":{"line":79,"column":37}}},"fnMap":{"0":{"name":"fetchTrainPositions","decl":{"start":{"line":4,"column":15},"end":{"line":4,"column":34}},"loc":{"start":{"line":4,"column":39},"end":{"line":77,"column":1}},"line":4},"1":{"name":"(anonymous_1)","decl":{"start":{"line":30,"column":25},"end":{"line":30,"column":26}},"loc":{"start":{"line":30,"column":36},"end":{"line":32,"column":5}},"line":30},"2":{"name":"(anonymous_2)","decl":{"start":{"line":34,"column":24},"end":{"line":34,"column":25}},"loc":{"start":{"line":34,"column":36},"end":{"line":70,"column":5}},"line":34},"3":{"name":"(anonymous_3)","decl":{"start":{"line":37,"column":32},"end":{"line":37,"column":33}},"loc":{"start":{"line":37,"column":45},"end":{"line":69,"column":9}},"line":37},"4":{"name":"(anonymous_4)","decl":{"start":{"line":47,"column":92},"end":{"line":47,"column":93}},"loc":{"start":{"line":47,"column":95},"end":{"line":47,"column":108}},"line":47},"5":{"name":"(anonymous_5)","decl":{"start":{"line":74,"column":26},"end":{"line":74,"column":27}},"loc":{"start":{"line":74,"column":38},"end":{"line":76,"column":5}},"line":74}},"branchMap":{"0":{"loc":{"start":{"line":24,"column":4},"end":{"line":27,"column":5}},"type":"if","locations":[{"start":{"line":24,"column":4},"end":{"line":27,"column":5}},{"start":{},"end":{}}],"line":24},"1":{"loc":{"start":{"line":41,"column":16},"end":{"line":63,"column":17}},"type":"if","locations":[{"start":{"line":41,"column":16},"end":{"line":63,"column":17}},{"start":{},"end":{}}],"line":41},"2":{"loc":{"start":{"line":58,"column":20},"end":{"line":60,"column":21}},"type":"if","locations":[{"start":{"line":58,"column":20},"end":{"line":60,"column":21}},{"start":{},"end":{}}],"line":58}},"s":{"0":1,"1":1,"2":4,"3":4,"4":4,"5":4,"6":4,"7":4,"8":1,"9":1,"10":3,"11":3,"12":0,"13":3,"14":3,"15":3,"16":0,"17":0,"18":0,"19":0,"20":0,"21":0,"22":0,"23":0,"24":0,"25":0,"26":0,"27":0,"28":0,"29":3,"30":0,"31":1},"f":{"0":4,"1":0,"2":3,"3":0,"4":0,"5":0},"b":{"0":[1,3],"1":[0,0],"2":[0,0]},"_coverageSchema":"1a1c01bbd47fc00a2c39e90264f33305004495a9","hash":"b58310c8f4cda6fca78cb2582c615d095f35c460"}
}
