{"C:\\Users\\anden\\Code\\jsramverk\\backend\\db\\database.js": {"path":"C:\\Users\\anden\\Code\\jsramverk\\backend\\db\\database.js","statementMap":{"0":{"start":{"line":1,"column":24},"end":{"line":1,"column":42}},"1":{"start":{"line":3,"column":25},"end":{"line":3,"column":46}},"2":{"start":{"line":5,"column":15},"end":{"line":5,"column":48}},"3":{"start":{"line":7,"column":17},"end":{"line":16,"column":1}},"4":{"start":{"line":9,"column":8},"end":{"line":14,"column":9}},"5":{"start":{"line":10,"column":12},"end":{"line":10,"column":41}},"6":{"start":{"line":11,"column":12},"end":{"line":11,"column":36}},"7":{"start":{"line":13,"column":12},"end":{"line":13,"column":28}},"8":{"start":{"line":18,"column":0},"end":{"line":18,"column":25}}},"fnMap":{"0":{"name":"openDB","decl":{"start":{"line":8,"column":27},"end":{"line":8,"column":33}},"loc":{"start":{"line":8,"column":36},"end":{"line":15,"column":5}},"line":8}},"branchMap":{},"s":{"0":2,"1":2,"2":2,"3":2,"4":2,"5":2,"6":1,"7":1,"8":2},"f":{"0":2},"b":{},"_coverageSchema":"1a1c01bbd47fc00a2c39e90264f33305004495a9","hash":"82c235eef65dd5b76ecad5dec333504660aced79"}
,"C:\\Users\\anden\\Code\\jsramverk\\backend\\models\\codes.js": {"path":"C:\\Users\\anden\\Code\\jsramverk\\backend\\models\\codes.js","statementMap":{"0":{"start":{"line":1,"column":14},"end":{"line":1,"column":35}},"1":{"start":{"line":2,"column":14},"end":{"line":28,"column":1}},"2":{"start":{"line":4,"column":22},"end":{"line":12,"column":23}},"3":{"start":{"line":14,"column":8},"end":{"line":26,"column":14}},"4":{"start":{"line":20,"column":16},"end":{"line":20,"column":38}},"5":{"start":{"line":23,"column":16},"end":{"line":25,"column":18}},"6":{"start":{"line":30,"column":0},"end":{"line":30,"column":22}}},"fnMap":{"0":{"name":"getCodes","decl":{"start":{"line":3,"column":29},"end":{"line":3,"column":37}},"loc":{"start":{"line":3,"column":48},"end":{"line":27,"column":5}},"line":3},"1":{"name":"(anonymous_1)","decl":{"start":{"line":19,"column":18},"end":{"line":19,"column":19}},"loc":{"start":{"line":19,"column":38},"end":{"line":21,"column":13}},"line":19},"2":{"name":"(anonymous_2)","decl":{"start":{"line":22,"column":18},"end":{"line":22,"column":19}},"loc":{"start":{"line":22,"column":36},"end":{"line":26,"column":13}},"line":22}},"branchMap":{},"s":{"0":1,"1":1,"2":1,"3":1,"4":1,"5":1,"6":1},"f":{"0":1,"1":1,"2":1},"b":{},"_coverageSchema":"1a1c01bbd47fc00a2c39e90264f33305004495a9","hash":"6d07379756e891c79a05ff64e171317ab4040bc6"}
,"C:\\Users\\anden\\Code\\jsramverk\\backend\\models\\tickets.js": {"path":"C:\\Users\\anden\\Code\\jsramverk\\backend\\models\\tickets.js","statementMap":{"0":{"start":{"line":1,"column":17},"end":{"line":1,"column":45}},"1":{"start":{"line":3,"column":16},"end":{"line":35,"column":1}},"2":{"start":{"line":5,"column":19},"end":{"line":5,"column":42}},"3":{"start":{"line":6,"column":27},"end":{"line":6,"column":51}},"4":{"start":{"line":9,"column":27},"end":{"line":9,"column":80}},"5":{"start":{"line":11,"column":8},"end":{"line":13,"column":10}},"6":{"start":{"line":17,"column":19},"end":{"line":17,"column":42}},"7":{"start":{"line":18,"column":27},"end":{"line":18,"column":51}},"8":{"start":{"line":20,"column":23},"end":{"line":24,"column":9}},"9":{"start":{"line":26,"column":23},"end":{"line":26,"column":57}},"10":{"start":{"line":28,"column":8},"end":{"line":33,"column":10}},"11":{"start":{"line":37,"column":0},"end":{"line":37,"column":24}}},"fnMap":{"0":{"name":"getTickets","decl":{"start":{"line":4,"column":31},"end":{"line":4,"column":41}},"loc":{"start":{"line":4,"column":52},"end":{"line":14,"column":5}},"line":4},"1":{"name":"createTicket","decl":{"start":{"line":16,"column":33},"end":{"line":16,"column":45}},"loc":{"start":{"line":16,"column":56},"end":{"line":34,"column":5}},"line":16}},"branchMap":{},"s":{"0":1,"1":1,"2":1,"3":1,"4":1,"5":1,"6":1,"7":1,"8":1,"9":1,"10":1,"11":1},"f":{"0":1,"1":1},"b":{},"_coverageSchema":"1a1c01bbd47fc00a2c39e90264f33305004495a9","hash":"959c0feb5f54638ad9524245e8d0d6ceba43ed73"}
,"C:\\Users\\anden\\Code\\jsramverk\\backend\\models\\trains.js": {"path":"C:\\Users\\anden\\Code\\jsramverk\\backend\\models\\trains.js","statementMap":{"0":{"start":{"line":1,"column":14},"end":{"line":1,"column":35}},"1":{"start":{"line":2,"column":20},"end":{"line":2,"column":42}},"2":{"start":{"line":5,"column":18},"end":{"line":8,"column":11}},"3":{"start":{"line":10,"column":27},"end":{"line":10,"column":29}},"4":{"start":{"line":12,"column":21},"end":{"line":16,"column":6}},"5":{"start":{"line":17,"column":19},"end":{"line":17,"column":40}},"6":{"start":{"line":18,"column":19},"end":{"line":18,"column":62}},"7":{"start":{"line":24,"column":24},"end":{"line":24,"column":47}},"8":{"start":{"line":26,"column":4},"end":{"line":28,"column":5}},"9":{"start":{"line":27,"column":8},"end":{"line":27,"column":51}},"10":{"start":{"line":30,"column":4},"end":{"line":73,"column":6}},"11":{"start":{"line":31,"column":8},"end":{"line":31,"column":39}},"12":{"start":{"line":33,"column":8},"end":{"line":72,"column":9}},"13":{"start":{"line":34,"column":12},"end":{"line":69,"column":13}},"14":{"start":{"line":35,"column":35},"end":{"line":35,"column":53}},"15":{"start":{"line":37,"column":16},"end":{"line":66,"column":17}},"16":{"start":{"line":38,"column":44},"end":{"line":38,"column":90}},"17":{"start":{"line":40,"column":40},"end":{"line":40,"column":59}},"18":{"start":{"line":42,"column":37},"end":{"line":44,"column":34}},"19":{"start":{"line":43,"column":36},"end":{"line":43,"column":49}},"20":{"start":{"line":46,"column":40},"end":{"line":53,"column":21}},"21":{"start":{"line":56,"column":20},"end":{"line":63,"column":21}},"22":{"start":{"line":62,"column":24},"end":{"line":62,"column":59}},"23":{"start":{"line":65,"column":20},"end":{"line":65,"column":93}},"24":{"start":{"line":68,"column":16},"end":{"line":68,"column":30}},"25":{"start":{"line":71,"column":12},"end":{"line":71,"column":18}},"26":{"start":{"line":75,"column":4},"end":{"line":77,"column":5}},"27":{"start":{"line":76,"column":8},"end":{"line":76,"column":42}},"28":{"start":{"line":80,"column":0},"end":{"line":80,"column":36}}},"fnMap":{"0":{"name":"fetchTrainPositions","decl":{"start":{"line":4,"column":15},"end":{"line":4,"column":34}},"loc":{"start":{"line":4,"column":39},"end":{"line":78,"column":1}},"line":4},"1":{"name":"(anonymous_1)","decl":{"start":{"line":26,"column":25},"end":{"line":26,"column":26}},"loc":{"start":{"line":26,"column":37},"end":{"line":28,"column":5}},"line":26},"2":{"name":"(anonymous_2)","decl":{"start":{"line":30,"column":24},"end":{"line":30,"column":25}},"loc":{"start":{"line":30,"column":36},"end":{"line":73,"column":5}},"line":30},"3":{"name":"(anonymous_3)","decl":{"start":{"line":33,"column":32},"end":{"line":33,"column":33}},"loc":{"start":{"line":33,"column":45},"end":{"line":72,"column":9}},"line":33},"4":{"name":"(anonymous_4)","decl":{"start":{"line":43,"column":29},"end":{"line":43,"column":30}},"loc":{"start":{"line":43,"column":36},"end":{"line":43,"column":49}},"line":43},"5":{"name":"(anonymous_5)","decl":{"start":{"line":75,"column":26},"end":{"line":75,"column":27}},"loc":{"start":{"line":75,"column":38},"end":{"line":77,"column":5}},"line":75}},"branchMap":{"0":{"loc":{"start":{"line":37,"column":16},"end":{"line":66,"column":17}},"type":"if","locations":[{"start":{"line":37,"column":16},"end":{"line":66,"column":17}},{"start":{},"end":{}}],"line":37},"1":{"loc":{"start":{"line":56,"column":20},"end":{"line":63,"column":21}},"type":"if","locations":[{"start":{"line":56,"column":20},"end":{"line":63,"column":21}},{"start":{},"end":{}}],"line":56}},"s":{"0":1,"1":1,"2":5,"3":5,"4":5,"5":5,"6":5,"7":5,"8":5,"9":1,"10":5,"11":8,"12":8,"13":4,"14":4,"15":3,"16":2,"17":2,"18":2,"19":4,"20":2,"21":2,"22":1,"23":2,"24":1,"25":4,"26":5,"27":1,"28":1},"f":{"0":5,"1":1,"2":8,"3":4,"4":4,"5":1},"b":{"0":[2,1],"1":[1,1]},"_coverageSchema":"1a1c01bbd47fc00a2c39e90264f33305004495a9","hash":"4701a4d8480a219fad388634993a18d1f87960bc"}
}
