TN:
SF:db\database.js
FN:8,openDB
FNF:1
FNH:0
FNDA:0,openDB
DA:1,2
DA:3,2
DA:5,2
DA:7,2
DA:9,0
DA:10,0
DA:11,0
DA:13,0
DA:20,2
LF:9
LH:5
BRDA:3,0,0,2
BRDA:3,0,1,0
BRF:2
BRH:1
end_of_record
TN:
SF:models\codes.js
FN:5,getCodes
FN:23,(anonymous_1)
FN:25,(anonymous_2)
FNF:3
FNH:3
FNDA:1,getCodes
FNDA:1,(anonymous_1)
FNDA:1,(anonymous_2)
DA:1,1
DA:2,1
DA:4,1
DA:6,1
DA:17,1
DA:24,1
DA:26,1
DA:33,1
LF:8
LH:8
BRF:0
BRH:0
end_of_record
TN:
SF:models\tickets.js
FN:4,getTickets
FN:16,createTicket
FNF:2
FNH:2
FNDA:1,getTickets
FNDA:1,createTicket
DA:1,1
DA:3,1
DA:5,1
DA:6,1
DA:9,1
DA:11,1
DA:17,1
DA:18,1
DA:20,1
DA:26,1
DA:28,1
DA:37,1
LF:12
LH:12
BRF:0
BRH:0
end_of_record
TN:
SF:models\trains.js
FN:4,fetchTrainPositions
FN:30,(anonymous_1)
FN:34,(anonymous_2)
FN:37,(anonymous_3)
FN:47,(anonymous_4)
FN:74,(anonymous_5)
FNF:6
FNH:2
FNDA:4,fetchTrainPositions
FNDA:0,(anonymous_1)
FNDA:3,(anonymous_2)
FNDA:0,(anonymous_3)
FNDA:0,(anonymous_4)
FNDA:0,(anonymous_5)
DA:1,1
DA:2,1
DA:7,4
DA:12,4
DA:14,4
DA:21,4
DA:22,4
DA:24,4
DA:25,1
DA:26,1
DA:28,3
DA:30,3
DA:31,0
DA:34,3
DA:35,3
DA:37,3
DA:38,0
DA:39,0
DA:41,0
DA:42,0
DA:45,0
DA:47,0
DA:49,0
DA:58,0
DA:59,0
DA:62,0
DA:65,0
DA:68,0
DA:74,3
DA:75,0
DA:79,1
LF:31
LH:17
BRDA:24,0,0,1
BRDA:24,0,1,3
BRDA:41,1,0,0
BRDA:41,1,1,0
BRDA:58,2,0,0
BRDA:58,2,1,0
BRF:6
BRH:2
end_of_record
