TN:
SF:db\database.js
FN:8,openDB
FNF:1
FNH:1
FNDA:2,openDB
DA:1,2
DA:3,2
DA:5,2
DA:7,2
DA:9,2
DA:10,2
DA:11,1
DA:13,1
DA:18,2
LF:9
LH:9
BRF:0
BRH:0
end_of_record
TN:
SF:models\codes.js
FN:3,getCodes
FN:19,(anonymous_1)
FN:22,(anonymous_2)
FNF:3
FNH:3
FNDA:1,getCodes
FNDA:1,(anonymous_1)
FNDA:1,(anonymous_2)
DA:1,1
DA:2,1
DA:4,1
DA:14,1
DA:20,1
DA:23,1
DA:30,1
LF:7
LH:7
BRF:0
BRH:0
end_of_record
TN:
SF:models\tickets.js
FN:4,getTickets
FN:16,createTicket
FNF:2
FNH:2
FNDA:1,getTickets
FNDA:1,createTicket
DA:1,1
DA:3,1
DA:5,1
DA:6,1
DA:9,1
DA:11,1
DA:17,1
DA:18,1
DA:20,1
DA:26,1
DA:28,1
DA:37,1
LF:12
LH:12
BRF:0
BRH:0
end_of_record
TN:
SF:models\trains.js
FN:4,fetchTrainPositions
FN:26,(anonymous_1)
FN:30,(anonymous_2)
FN:33,(anonymous_3)
FN:43,(anonymous_4)
FN:75,(anonymous_5)
FNF:6
FNH:6
FNDA:5,fetchTrainPositions
FNDA:1,(anonymous_1)
FNDA:8,(anonymous_2)
FNDA:4,(anonymous_3)
FNDA:4,(anonymous_4)
FNDA:1,(anonymous_5)
DA:1,1
DA:2,1
DA:5,5
DA:10,5
DA:12,5
DA:17,5
DA:18,5
DA:24,5
DA:26,5
DA:27,1
DA:30,5
DA:31,8
DA:33,8
DA:34,4
DA:35,4
DA:37,3
DA:38,2
DA:40,2
DA:42,2
DA:43,4
DA:46,2
DA:56,2
DA:62,1
DA:65,2
DA:68,1
DA:71,4
DA:75,5
DA:76,1
DA:80,1
LF:29
LH:29
BRDA:37,0,0,2
BRDA:37,0,1,1
BRDA:56,1,0,1
BRDA:56,1,1,1
BRF:4
BRH:4
end_of_record
